<?xml version="1.0" encoding="UTF-8"?>
<testsuite name="InterfaceDieta.AppTest" tests="1" skipped="0" failures="0" errors="0" timestamp="2023-03-16T13:00:56" hostname="DESKTOP-TIGCP3C" time="0.024">
  <properties/>
  <testcase name="appHasAGreeting()" classname="InterfaceDieta.AppTest" time="0.024"/>
  <system-out><![CDATA[]]></system-out>
  <system-err><![CDATA[]]></system-err>
</testsuite>
